<?xml version="1.0" encoding="UTF-8"?>
<!-- Generated by org.testng.reporters.JUnitReportReporter -->
<testsuite skipped="0" hostname="DESKTOP-VAL9S0L" name="com.DemoQATests.BaseTest" tests="1" failures="0" timestamp="2020-06-22T13:09:44 IST" time="1.782" errors="0">
  <testcase name="launchURL" time="1.782" classname="com.DemoQATests.BaseTest"/>
  <system-out/>
</testsuite> <!-- com.DemoQATests.BaseTest -->
