<?xml version="1.0" encoding="UTF-8"?>
<!-- Generated by org.testng.reporters.JUnitReportReporter -->
<testsuite skipped="0" hostname="DESKTOP-VAL9S0L" name="BrowserTest" tests="1" failures="0" timestamp="2020-06-20T13:33:45 IST" time="2.052" errors="0">
  <testcase name="launchURL" time="2.052" classname="BrowserTest"/>
  <system-out/>
</testsuite> <!-- BrowserTest -->
